method = variational
method = variational
  variational
  variational
    algorithm = meanfield (Default)
      meanfield
    iter = 10000 (Default)
    grad_samples = 1 (Default)
    elbo_samples = 100 (Default)
    algorithm = meanfield (Default)
method = variational
    eta = 1 (Default)
  variational
    adapt
      engaged = 1 (Default)
      meanfield
    algorithm = meanfield (Default)
    iter = 10000 (Default)
      meanfield
      iter = 50 (Default)
    iter = 10000 (Default)
    grad_samples = 1 (Default)
    tol_rel_obj = 0.01 (Default)
    grad_samples = 1 (Default)
    elbo_samples = 100 (Default)
    elbo_samples = 100 (Default)
    eval_elbo = 100 (Default)
    eta = 1 (Default)
    output_samples = 10000
    adapt
id = 1
data
      engaged = 1 (Default)
  file = bernoulli_1.data.R
    eta = 1 (Default)
      iter = 50 (Default)
    adapt
method = variational
init = 2 (Default)
random
      engaged = 1 (Default)
  seed = 2640066759
output
    tol_rel_obj = 0.01 (Default)
  file = bernoulli_variational_1.csv
      iter = 50 (Default)
  diagnostic_file =  (Default)
  refresh = 100 (Default)
    eval_elbo = 100 (Default)
    tol_rel_obj = 0.01 (Default)

    output_samples = 10000
    eval_elbo = 100 (Default)
id = 2
    output_samples = 10000
data
id = 3
  file = bernoulli_2.data.R
data
init = 2 (Default)
  file = bernoulli_3.data.R
random
init = 2 (Default)
  seed = 2640066759
random
output
  seed = 2640066759
  file = bernoulli_variational_2.csv
output
  diagnostic_file =  (Default)
  file = bernoulli_variational_3.csv
  refresh = 100 (Default)
  diagnostic_file =  (Default)

  refresh = 100 (Default)

------------------------------------------------------------
EXPERIMENTAL ALGORITHM:
  This procedure has not been thoroughly tested and may be unstable
  or buggy. The interface is subject to change.
------------------------------------------------------------


------------------------------------------------------------
EXPERIMENTAL ALGORITHM:
  This procedure has not been thoroughly tested and may be unstable
------------------------------------------------------------
  or buggy. The interface is subject to change.
EXPERIMENTAL ALGORITHM:
------------------------------------------------------------
  This procedure has not been thoroughly tested and may be unstable

  or buggy. The interface is subject to change.


------------------------------------------------------------


Gradient evaluation took 5e-06 seconds
1000 transitions using 10 leapfrog steps per transition would take 0.05 seconds.
Adjust your expectations accordingly!



Begin eta adaptation.

Gradient evaluation took 5e-06 seconds
1000 transitions using 10 leapfrog steps per transition would take 0.05 seconds.
Gradient evaluation took 4e-06 seconds
Adjust your expectations accordingly!

1000 transitions using 10 leapfrog steps per transition would take 0.04 seconds.

Adjust your expectations accordingly!


Begin eta adaptation.
Begin eta adaptation.
Iteration:   1 / 250 [  0%]  (Adaptation)
Iteration:   1 / 250 [  0%]  (Adaptation)
Iteration:   1 / 250 [  0%]  (Adaptation)
Iteration:  50 / 250 [ 20%]  (Adaptation)
Iteration:  50 / 250 [ 20%]  (Adaptation)
Iteration:  50 / 250 [ 20%]  (Adaptation)
Iteration: 100 / 250 [ 40%]  (Adaptation)
Iteration: 150 / 250 [ 60%]  (Adaptation)
Iteration: 100 / 250 [ 40%]  (Adaptation)
Iteration: 100 / 250 [ 40%]  (Adaptation)
Iteration: 200 / 250 [ 80%]  (Adaptation)
Success! Found best value [eta = 1] earlier than expected.

Begin stochastic gradient ascent.
  iter             ELBO   delta_ELBO_mean   delta_ELBO_med   notes 
Iteration: 150 / 250 [ 60%]  (Adaptation)
Iteration: 150 / 250 [ 60%]  (Adaptation)
   100           -7.296             1.000            1.000
Iteration: 200 / 250 [ 80%]  (Adaptation)
Iteration: 200 / 250 [ 80%]  (Adaptation)
   200           -7.192             0.507            1.000
Success! Found best value [eta = 1] earlier than expected.

Begin stochastic gradient ascent.
  iter             ELBO   delta_ELBO_mean   delta_ELBO_med   notes 
Success! Found best value [eta = 1] earlier than expected.

Begin stochastic gradient ascent.
  iter             ELBO   delta_ELBO_mean   delta_ELBO_med   notes 
   300           -7.245             0.341            0.015
   400           -7.367             0.260            0.017
   100           -7.198             1.000            1.000
   100           -7.307             1.000            1.000
   500           -7.262             0.211            0.015
  variational
    algorithm = meanfield (Default)
      meanfield
    iter = 10000 (Default)
    grad_samples = 1 (Default)
    elbo_samples = 100 (Default)
    eta = 1 (Default)
    adapt
      engaged = 1 (Default)
      iter = 50 (Default)
    tol_rel_obj = 0.01 (Default)
    eval_elbo = 100 (Default)
    output_samples = 10000
id = 4
data
   200           -7.304             0.507            1.000
  file = bernoulli_4.data.R
init = 2 (Default)
random
  seed = 2640066759
   200           -7.054             0.518            1.000
output
  file = bernoulli_variational_4.csv
  diagnostic_file =  (Default)
   600           -7.090             0.180            0.017
  refresh = 100 (Default)

------------------------------------------------------------
EXPERIMENTAL ALGORITHM:
  This procedure has not been thoroughly tested and may be unstable
  or buggy. The interface is subject to change.
------------------------------------------------------------



Gradient evaluation took 4e-06 seconds
1000 transitions using 10 leapfrog steps per transition would take 0.04 seconds.
Adjust your expectations accordingly!


   300           -7.187             0.344            0.016
Begin eta adaptation.
   300           -7.315             0.357            0.036
   700           -7.201             0.156            0.015
Iteration:   1 / 250 [  0%]  (Adaptation)
Iteration:  50 / 250 [ 20%]  (Adaptation)
   400           -7.242             0.260            0.016
   400           -7.220             0.271            0.036
   800           -7.229             0.137            0.015
Iteration: 100 / 250 [ 40%]  (Adaptation)
   900           -7.113             0.124            0.015
   500           -7.237             0.217            0.036
   500           -7.228             0.208            0.015
Iteration: 150 / 250 [ 60%]  (Adaptation)
Iteration: 200 / 250 [ 80%]  (Adaptation)
  1000           -7.162             0.112            0.015
   600           -7.258             0.182            0.036
   600           -7.230             0.173            0.015
Success! Found best value [eta = 1] earlier than expected.

Begin stochastic gradient ascent.
  iter             ELBO   delta_ELBO_mean   delta_ELBO_med   notes 
  1100           -7.201             0.012            0.015
   700           -7.137             0.158            0.017
   700           -7.276             0.150            0.008   MEDIAN ELBO CONVERGED

Drawing a sample of size 10000 from the approximate posterior... 
   100           -7.180             1.000            1.000
   800           -7.201             0.139            0.017
  1200           -7.288             0.012            0.015
   900           -7.233             0.124            0.013
  1300           -7.207             0.013            0.015
   200           -7.105             0.505            1.000
  1000           -7.231             0.112            0.013
  1400           -7.345             0.013            0.015
  1500           -7.203             0.013            0.015
  1100           -7.201             0.012            0.009   MEDIAN ELBO CONVERGED

Drawing a sample of size 10000 from the approximate posterior... 
  1600           -7.134             0.012            0.012
  1700           -7.240             0.012            0.012
   300           -7.245             0.343            0.019
  1800           -7.075             0.014            0.015
  1900           -7.129             0.013            0.012
  2000           -7.364             0.015            0.015
  2100           -7.198             0.017            0.019
  2200           -7.265             0.017            0.019
   400           -7.130             0.262            0.019
  2300           -7.127             0.018            0.019
  2400           -7.210             0.017            0.019
   500           -7.136             0.209            0.016
  2500           -7.054             0.017            0.019
   600           -7.302             0.178            0.019
  2600           -7.150             0.018            0.019
   700           -7.241             0.154            0.016
  2700           -7.150             0.016            0.019
  2800           -7.149             0.014            0.013
   800           -7.136             0.137            0.016
  2900           -7.144             0.013            0.013
  3000           -7.172             0.010            0.012
  3100           -7.157             0.008            0.009   MEAN ELBO CONVERGED   MEDIAN ELBO CONVERGED

Drawing a sample of size 10000 from the approximate posterior... 
   900           -7.394             0.125            0.016
  1000           -7.192             0.116            0.019
  1100           -7.134             0.016            0.016
  1200           -7.148             0.016            0.016
  1300           -7.366             0.017            0.016
  1400           -7.258             0.016            0.015
  1500           -7.233             0.017            0.015
  1600           -7.176             0.015            0.015
  1700           -7.248             0.015            0.015
  1800           -7.132             0.015            0.015
  1900           -7.118             0.012            0.010   MEDIAN ELBO CONVERGED

Drawing a sample of size 10000 from the approximate posterior... 
COMPLETED.
COMPLETED.
COMPLETED.
COMPLETED.
